<?xml version="1.0" encoding="UTF-8"?>
<!-- Generated by org.testng.reporters.JUnitXMLReporter -->
<testsuite hostname="Abdou-PC" ignored="0" name="Test" tests="4" failures="1" timestamp="2021-01-14T23:02:43 GMT+01:00" time="131.269" errors="0">
  <testcase name="test1" time="9.357" classname="test.Test1">
    <failure type="java.lang.AssertionError" message="text not equal did not expect to find [true] but found [false]">
      <![CDATA[java.lang.AssertionError: text not equal did not expect to find [true] but found [false]
at test.Test1.test1(Test1.java:34)
at java.util.ArrayList.forEach(ArrayList.java:1249)
... Removed 33 stack frames]]>
    </failure>
  </testcase> <!-- test1 -->
  <testcase name="test2" time="8.657" classname="test.Test1"/>
  <testcase name="test3" time="10.77" classname="test.Test1">
    <skipped/>
  </testcase> <!-- test3 -->
  <testcase name="test4" time="5.039" classname="test.Test1"/>
</testsuite> <!-- Test -->
