-------------------------------------------------------------------------------
Test set: TestSuite
-------------------------------------------------------------------------------
Tests run: 4, Failures: 1, Errors: 0, Skipped: 1, Time elapsed: 147.119 s <<< FAILURE! - in TestSuite
test1(test.Test1)  Time elapsed: 9.371 s  <<< FAILURE!
java.lang.AssertionError: text not equal did not expect to find [true] but found [false]
	at test.Test1.test1(Test1.java:34)

