<?xml version="1.0" encoding="UTF-8"?>
<testsuite xmlns:xsi="http://www.w3.org/2001/XMLSchema-instance" xsi:noNamespaceSchemaLocation="https://maven.apache.org/surefire/maven-surefire-plugin/xsd/surefire-test-report.xsd" name="TestSuite" time="147.119" tests="4" errors="0" skipped="1" failures="1">
  <properties>
[...]
</properties>
  <testcase name="test1" classname="test.Test1" time="9.371">
    <failure message="text not equal did not expect to find [true] but found [false]" type="java.lang.AssertionError">java.lang.AssertionError: text not equal did not expect to find [true] but found [false]
	at test.Test1.test1(Test1.java:34)
</failure>
    <system-out><![CDATA[Allure environment data saved.
I am in onStart method Test
I am in onTestStart method test1 start
]]></system-out>
    <system-err><![CDATA[SLF4J: Failed to load class "org.slf4j.impl.StaticLoggerBinder".
SLF4J: Defaulting to no-operation (NOP) logger implementation
SLF4J: See http://www.slf4j.org/codes.html#StaticLoggerBinder for further details.
Starting ChromeDriver 87.0.4280.88 (89e2380a3e36c3464b5dd1302349b1382549290d-refs/branch-heads/4280@{#1761}) on port 17480
Only local connections are allowed.
Please see https://chromedriver.chromium.org/security-considerations for suggestions on keeping ChromeDriver safe.
ChromeDriver was started successfully.
janv. 14, 2021 11:01:00 PM org.openqa.selenium.remote.ProtocolHandshake createSession
INFOS: Detected dialect: W3C
]]></system-err>
  </testcase>
  <testcase name="test2" classname="test.Test1" time="8.655"/>
  <testcase name="test3" classname="test.Test1" time="0">
    <skipped message="test-case skipped"/>
    <system-out><![CDATA[I am in onTestSuccess method test2 succeed
I am in onTestStart method test3 start
]]></system-out>
    <system-err><![CDATA[Starting ChromeDriver 87.0.4280.88 (89e2380a3e36c3464b5dd1302349b1382549290d-refs/branch-heads/4280@{#1761}) on port 13229
Only local connections are allowed.
Please see https://chromedriver.chromium.org/security-considerations for suggestions on keeping ChromeDriver safe.
ChromeDriver was started successfully.
janv. 14, 2021 11:02:00 PM org.openqa.selenium.remote.ProtocolHandshake createSession
INFOS: Detected dialect: W3C
]]></system-err>
  </testcase>
  <testcase name="test4" classname="test.Test1" time="5.039"/>
</testsuite>